       0.0137495       -0.399179        -0.44901
       -0.404238       -0.248836       -0.629921
        0.918138         1.37694       0.0150762
      0.00113232         0.16929       -0.556125
        -1.11871        0.087435        0.424193
       -0.233527        0.618538       -0.712544
       -0.393753       -0.405339        0.616978
       -0.409549       -0.199444        -0.18869
        -1.33156         1.21115       -0.241144
       -0.491352       -0.295412       -0.111382
          -0.252         1.12538        -1.03131
       -0.208991        0.597185        0.739613
      -0.0714578       0.0619229       -0.308874
        0.567489        0.511925        0.437159
         1.16435       -0.140907       -0.355922
        -1.20109       -0.906305       -0.138088
        0.219516       -0.801614       -0.337198
        0.470818       -0.364333       -0.926566
         1.66882       -0.125045        0.861462
       -0.981584       -0.544783       -0.955855
       -0.557223       -0.135796       -0.889743
       -0.932645       -0.489429        0.365605
        0.520875        0.237011        0.122064
        0.544591       -0.623711        0.140924
       -0.898429        0.716806        -0.11474
       -0.576685        0.227336        -1.26954
       -0.923157         0.48893       -0.999739
        0.671244       -0.707888       -0.558187
         1.23434        -0.33744       -0.200114
       -0.315614       -0.318749         1.49185
       -0.717558         1.03036        0.631384
       -0.265489        -1.08635        0.197356
        0.423741       -0.185481        0.470157
       0.0457658        0.727326       -0.722859
         1.10967        0.574716        0.435968
        -1.09805        0.296366        0.141914
        -1.11001       0.0366675         0.77778
       -0.494023       -0.735913        0.984818
        -1.27108        0.639801        0.710888
        0.661126        0.552455        -1.25913
        -1.32508       -0.333425         -0.1907
        0.816192         -1.0491        0.537462
       0.0049436       0.0151012        0.582155
         1.75154        -1.26952        0.469886
         1.87816         0.74611       -0.206925
       -0.207251       -0.495009        0.640228
      -0.0306889        0.271251         -1.6233
        0.254377       -0.490976       -0.164687
         0.60413        -1.23491       -0.847142
       -0.552299      -0.0252859         2.08703
         1.33487       -0.336041        0.973985
        0.246485       -0.265212        0.348761
        0.082517         1.71109       -0.480351
       -0.248854        0.311065       0.0482274
        -1.18651        0.116284       -0.350958
        0.576247        0.995431       -0.389499
        0.948722       -0.259215        0.113034
        0.819997        0.843447        0.821398
       0.0426923        -1.00701        0.329989
      -0.0849347         1.06976        0.650948
         0.78308        0.512878         1.01158
       -0.360879       -0.433009       0.0754088
        0.393159       0.0248877       -0.419923
         1.06814       -0.606859       -0.372604
       -0.147414         0.55259       -0.453989
       -0.445902        -1.36021        0.236292
        0.926964       -0.761434       -0.245424
        -1.58192      -0.0233898      -0.0336123
       -0.535176        0.530076        0.083551
        0.856645       -0.774984        0.685164
        0.117791        -1.15598         0.71233
       0.0646777        -1.39276         1.49908
         0.88055         2.52728       -0.109007
       -0.565745         1.37953        -1.23725
        0.704693        0.782807       -0.949772
         1.02365       0.0368864        0.404203
       -0.351129        0.934642         1.98555
         0.10492         1.30937       -0.145026
       -0.400291       0.0856938        0.190762
        0.120349        0.566226       -0.121879
        0.969254       -0.966424         1.07487
       -0.953622        0.372051       -0.988767
       -0.637572         0.86348        -1.09783
       -0.346112        -1.35981         -1.0375
        0.922491       -0.373388        0.555337
        0.102785       0.0692329         1.01124
        0.513439         1.19794        0.510214
         1.02849         1.11622       -0.349169
       -0.451601        0.143721        -1.31628
        -1.25616       -0.210402        -1.08344
       -0.162749       0.0741691       0.0160288
        -1.06971      -0.0661476       -0.253163
       -0.269964        -1.23476        0.275846
       -0.144927       -0.216916        0.360099
      -0.0366775        -1.25009        -1.36537
        0.211127       0.0158956       -0.997577
         1.78161       -0.677968        -1.85577
       -0.791802        0.236805       -0.525884
        0.145407        -1.34158         1.84941
        0.872216       -0.285848         1.21009
        -0.36291        0.298875        0.551316
       -0.407899       -0.715949      -0.0095113
       -0.656435        0.308209      -0.0254114
       -0.536516      -0.0588531        0.514863
        0.544044        0.629342       -0.506994
       -0.249319       -0.781278        0.524114
       -0.597953      -0.0235469        0.306056
       -0.517941       -0.046632        -0.10029
