      -0.0361556         1.40313         1.04275
        0.525741        0.815724       -0.713322
       -0.662134        -0.12519      -0.0502017
       -0.413325        0.548251       -0.979757
        0.287302         2.05497       -0.481324
        -1.37963         1.11561         1.70925
        0.527188         1.56788      -0.0234023
        -1.06194       -0.156621       -0.671664
        -1.91748       -0.773075       -0.915255
        0.680059       -0.360978         -1.0753
       -0.257937        0.130532        0.076645
        0.645107        -1.24928       -0.882751
       -0.241734         1.41896         0.33768
       -0.520464        -0.14127        0.290835
       -0.424034        0.932264        0.778038
        0.796391       0.0863467         1.15318
        -0.67772         1.12982       -0.621616
       -0.245785        0.201526        0.773846
         1.12381       -0.739141         0.11487
        0.591406       -0.207231       -0.251351
       0.0153994         0.61445        0.512498
       -0.014467        -1.11285       -0.395244
         1.10778         -0.9849       -0.966427
       -0.509198        0.611788      0.00796951
       0.0792943       -0.628857         1.90638
          -1.033        0.678805        0.337485
        0.529196         0.56231        0.603938
        0.163089       -0.152356       -0.185223
        0.111076        0.564524       0.0970188
         1.48922         0.17451          1.3305
       0.0623648       -0.531855       -0.952918
        -0.49636         -1.4455        0.264608
        0.863591         2.02901        -1.92802
        0.869799      -0.0339878        -0.19852
       -0.758764        -1.39757        0.672478
        0.781766       -0.553942        0.552469
        0.318821        0.949745         1.52491
        -2.02373        0.440426        -0.55257
       -0.788732       -0.504346       -0.672444
        0.411074        0.484953        0.309082
         1.27619       -0.415193        0.231918
       -0.568908       -0.353353        -1.12832
         1.06395       -0.654564        0.155067
         1.25582       -0.499804        0.874972
       -0.839668       -0.506951        0.827672
       -0.243744         1.05192         1.19124
        0.343235       -0.336604        -2.10881
       -0.222937       -0.243523         -1.2572
       -0.197693        0.487182        0.269835
       -0.932752        -1.01842       -0.240503
       -0.488988       0.0257737       -0.067655
       -0.020164        -1.15259       -0.100856
       -0.504077       0.0995961        0.173675
        0.912541        -1.11923       -0.709584
       -0.403433        0.308962       -0.811722
        0.427464       0.0759087       0.0574412
        0.631028         1.38488       -0.595253
        0.325594       -0.809986       -0.356344
       -0.162469      -0.0200265         1.18716
        -1.32297       -0.325699       -0.901957
       0.0664387         1.40191       -0.159747
        -2.27373       0.0467043        0.438537
        0.865496       -0.518745        0.066513
       -0.353828      -0.0258848         1.08506
       -0.337277        -1.27248       0.0727206
          1.0001        0.356638        0.784071
       -0.619509       0.0594188        0.372156
         1.18566       -0.379618        -0.75609
         1.00608         1.13407        -1.01638
        0.935983        0.278835       -0.663882
       -0.955468        0.957647       -0.765466
         1.61688       -0.495046        0.763242
        -2.03874        0.664152        0.353123
       -0.206091         0.32679         0.78087
       0.0357378       0.0717002        -1.04269
         1.22164       -0.973377         0.50149
        -1.00989       -0.319155          0.3202
        0.741165         0.80213        0.587732
        0.104385        0.320875       0.0833124
         1.43622        -0.27703        -1.19053
       -0.521988        0.998241        -1.21368
        -1.07403          1.1518       0.0694608
        -1.77395       -0.558878       -0.359442
         0.34934        -1.02728        0.597162
       -0.691139       -0.428298       -0.419178
        -2.10365       -0.309578         1.29613
        0.599032        0.831127         1.12301
       -0.484435        -2.03334       -0.669012
        -0.87739       -0.441234       -0.794572
      -0.0931922          -0.449       -0.572294
      -0.0516701        -1.48562       -0.362014
      -0.0993409        0.744893        0.410213
       -0.392445         1.25221       -0.879125
        0.648533         1.65779       -0.591762
       -0.596114        -1.63355        0.959848
         0.79514        0.557324         1.26936
        0.535872        -1.15053        0.218709
         1.10102         1.76371        -1.31789
         1.13268       -0.481768        0.289903
       -0.268108        0.105637      -0.0969474
      0.00289328       -0.159188       -0.256006
        0.304214        -1.34281       -0.751331
       -0.971169       -0.368418        0.580681
         1.33059       -0.869815         1.17058
        0.700281       -0.554602        0.409955
        0.463297       0.0335878        0.207693
        0.386246        -1.78735        0.865854
        0.383319        0.430546       -0.369414
