        -1.34859        -2.68896        0.459838
         3.00459        -1.20253       -0.316583
         1.45513         1.18427         1.66037
       -0.258383        -2.18108         1.88111
        -1.12966        0.231713        0.786673
         0.96105         0.68509      0.00365632
       0.0574979        0.710846        0.993916
         2.35762        -1.10015       -0.997289
        -1.25807        -4.78168         -1.9426
         1.46613        -3.09315         1.13029
         1.75389          1.2772       -0.139357
        -2.97986       0.0507105       -0.724037
        -1.27749        -2.38979         1.40779
         0.24894       -0.507573         2.33643
        -1.75726       -0.462365         -2.4515
        -1.59849        -0.78133      -0.0778093
        -2.32597        0.682318         2.30468
        -1.67289        -1.04492         2.65779
         2.44409       -0.186422          1.1783
       0.0982319         2.53454        0.497246
        0.929996        -2.05878         -2.0637
       -0.905435         1.96303         3.02188
         2.22933       -0.551255        0.544675
        -2.23019        0.114452         1.51917
        -2.10023           2.004        -1.72547
        0.863811         2.34994         1.68608
        -1.52466        0.328349        -2.17637
        0.178323        0.739843        -1.32437
        0.281895       -0.377491        -1.88764
        -2.61195        -2.09025       -0.465537
       0.0159091       -0.457214         4.72983
         2.51103        0.956902        -3.26467
        0.310518      -0.0330105      -0.0782995
         3.65217       0.0263849        -3.80202
       0.0217204        0.187871          1.5681
        0.221777        -1.20995       -0.815297
       -0.716995        -1.34154         0.63064
       0.0848196         1.79449      -0.0585142
         1.37418         -1.4695       -0.998645
        -2.27442       -0.762243        -1.12123
        0.270543        0.689669        0.798078
       -0.264797        -1.28235       -0.068793
         2.01394        -3.82954         1.29165
         1.05196        0.442195        -1.06713
       -0.430924        -2.34156       -0.514517
       -0.957498         1.26404       -0.745849
        0.613873        -1.24313        -1.27119
        -3.08551         -3.8093         2.14495
         1.59219         1.43496        0.591018
          1.3164         1.04643        -1.47496
        -3.03072       -0.799655         2.79848
        -1.44578        0.759697       -0.151066
        0.401794         1.66914       -0.150041
        0.588661        0.364485       -0.417495
          -1.227       0.0947994        -1.32443
         1.16101        -1.78461        0.773221
         1.15553         2.00588         3.84617
       -0.404877        -1.20099         2.23646
        -1.81604       -0.774162       -0.651331
        -1.24221       -0.789447       -0.951611
        -1.00489        0.170563        0.224971
          -2.189         3.94611         1.57623
         3.28818       0.0540832        0.494488
         2.94784         2.15793         1.62612
       -0.163751       -0.316674         0.62443
       0.0395768        0.717959        0.153445
         2.66146         1.10867      -0.0491331
        -2.83103         1.79095       -0.998532
       -0.404306        -1.72855      -0.0781808
         1.91301        -2.09163        0.759562
         2.82544        0.823413        -1.29755
        -1.13942        -1.72595        -2.30963
       -0.357211        -2.38603        -2.91532
       -0.345245        0.499693        0.127203
         2.67728         1.60408        -1.01903
        -1.28097         4.79757        -1.87151
       -0.732706         1.80555       -0.619632
        -2.39086         -0.9034        0.430728
        0.543034         3.13313       -0.646696
        -0.19765        0.769875        0.761183
       -0.426815         1.40726       -0.479953
         1.79107         1.36619         3.25387
        -1.84138         1.73223       -0.496127
        0.333483         1.68662         0.52102
         2.51807        -1.42033        0.524349
       -0.790557         -1.6938        -1.17576
        -2.91334       -0.744017          1.8864
      -0.0135024         1.90042         1.40792
         1.69184         2.15007        0.897989
         1.01293        -2.48529         -1.1578
       -0.122703         2.09368        -2.39963
        -1.38419        0.673659        0.227977
      -0.0218418        -2.37601        0.172482
         3.17799         1.90998        -1.10193
        -2.43617       -0.672286        0.887628
        -1.44137        -1.21452          1.0607
        -2.35923        0.346259       -0.367654
       -0.109319        0.849736        -2.86837
         1.88689       -0.345815        0.344379
        0.631507         3.00203      -0.0644792
       -0.406749         1.04102         1.07159
         1.23451        0.926877        -1.28995
         4.01211       -0.281128        -1.60843
       0.0939612       -0.471702         1.68031
        0.928421        0.445698        -2.79832
         0.10619        -1.63282        -3.94063
        -3.14086       -0.810287        0.527065
       -0.682406       -0.578412       0.0530877
