       -0.868131       -0.600745         0.53275
        0.035333        -1.12438        0.135483
        -0.42325        -1.23051        0.048958
       -0.875953         -1.3341         1.37999
        0.406402       -0.298414      -0.0227381
         1.60185       -0.439959        0.299336
       -0.587864      0.00639082        0.929488
         1.12949       -0.535907        -1.43441
        0.710167        -1.23738        -1.46084
         1.07866         1.24078         1.00266
       -0.719617       -0.761347        0.372305
        0.812124       -0.617223       -0.875719
        -2.46231        0.921995       -0.233933
       0.0988442        -1.00135       -0.747388
        -1.01899        0.187339        0.792068
         1.40071        0.391529       -0.305028
        0.439929         1.43834        0.998883
        -0.51105         1.60133        0.286178
         1.13978      -0.0890434        -0.63088
       -0.960053         -1.1105         0.86206
        0.572568         1.79622      -0.0820552
         1.32101       -0.182056         1.01677
          1.3445        -1.42011        0.963103
         2.63429       -0.144273         1.23591
        -1.15886         1.10438       -0.151811
       -0.436756        0.334805       -0.302376
         0.16699         1.09085        0.606798
        0.696038         1.28061        0.521225
        0.291519      -0.0836565       -0.191639
       -0.446851         1.03294       -0.190076
         1.11391          1.1118        0.730324
         -1.0445        0.266151       -0.157238
        0.136056        -3.68593        0.577582
         1.60846        -1.09622        -1.07921
        0.859583         0.25663        0.214957
         1.47271       -0.261532       -0.802568
       -0.506582       -0.614449        -1.39067
       -0.851963        0.478563        -1.49017
       -0.168965        0.168142        -2.77615
       -0.416163        0.111762          -2.007
         1.11009        -1.08017        -1.89993
       -0.937635        0.166305        0.934084
        -1.81893        -0.89931         1.60685
       -0.387016        0.520743        -2.14906
        0.717024         1.99845         1.04777
       -0.624767        0.169284         -1.0744
         0.57256       -0.549588       -0.747571
         1.06135         1.10571         1.42515
       0.0348466         1.29392        0.758662
         -2.0802       -0.334213         1.15158
        0.922016       0.0505717        -2.16293
         1.76071        0.663195       0.0780059
        -2.53818       -0.394404        0.719917
         1.58647         1.52837      -0.0243577
       -0.483574        -1.35741       -0.307522
       -0.153601        0.105619        -1.45793
        -1.01301        0.242203         2.12182
        0.919667         0.92945          1.5098
        -1.11144         1.54481        -1.43186
        0.941458         -1.6368       -0.919601
       -0.435843        0.870628          1.1312
        0.351135        -1.37777        0.639116
       -0.510767       -0.694323       0.0266983
       -0.386743       -0.393149       -0.933288
         0.30338        0.888793        -1.18108
          -1.223        -0.36677        0.827604
        -1.57193       -0.796641        0.158712
        -2.00382        0.171057       -0.678267
      -0.0779655         2.44021      0.00836921
         1.41828       -0.528595        -2.38053
        0.654558        0.793715      -0.0200292
         1.59049        -2.62588       -0.309334
       -0.685653         1.65717        -1.17997
         1.06598        0.926425        0.970834
         -2.1811         1.05159         2.09591
       -0.987205        0.560575         1.03521
        -0.54537        0.448341        0.240692
         1.13924       -0.181627        0.646322
         1.11006         1.65323        0.202889
       -0.076418       -0.231541       -0.424572
        -1.66016        -1.75403       -0.077977
        0.412888         0.35166      -0.0124434
        0.446707        -1.34469         1.28344
        0.209362       -0.409112       0.0302642
          1.4303         2.11147         1.83236
         0.66568       -0.622085         -0.2161
        -1.61502        -2.51311        0.717447
        0.169019        -1.21761         -1.2948
        0.847954         1.72011       -0.262766
       -0.471609       -0.225407         1.36219
        0.217964      -0.0574443        -1.39089
         1.64372         2.13791        -1.67187
        0.875454        -1.11576     -0.00230896
       -0.935834          1.3944       -0.823537
        -1.11407        0.494553         1.07801
       -0.412428        -1.47617       0.0237911
         1.58461        -1.75093        0.188312
        0.710751        0.153776         -0.3115
       -0.440657         0.65389        0.482734
        -1.43756      -0.0910182        0.896889
       -0.897496        -1.06414        0.301597
        -1.40675       -0.614538         2.34261
        -1.33219        0.727141         1.03135
        -1.93929       -0.293701       -0.346524
       -0.643496       0.0166825        0.770963
         1.47461         1.58307       -0.738723
        -1.25723       -0.566012        -2.67645
         1.83656        -1.51257        0.254051
