        0.976561        0.369603        0.450347
        0.993689       -0.304348       -0.935771
         0.30195        0.276188         1.93085
       -0.660663      -0.0279667        0.719824
       -0.887643       0.0725652       -0.956943
        0.522471        0.691018       -0.846234
       -0.558154       -0.507679       -0.457518
        -1.12044        0.848506        -1.97638
         1.68057       -0.164693      -0.0539321
        0.515667       -0.250005         1.17662
       -0.505601        -2.16483        -0.22048
        0.206295        0.850151        -1.10524
        0.077716        0.729782        -0.68623
        -1.43778        0.109464        0.309871
      -0.0786172       -0.619234        -1.34963
         1.11874        0.296273         1.58793
       -0.377794         -1.4178        -0.64387
        0.916905     0.000689321        -0.20818
        0.854851      -0.0680509        0.576175
       -0.353333         1.40818        -1.67812
         1.00699         1.21656         1.02029
       0.0769748        0.258558       -0.550803
         1.56278        0.843665          3.3793
        -0.69435         1.63569       -0.509198
         1.06294       -0.602481        -1.47137
       -0.377285       -0.387656        -1.30275
      -0.0946115        0.978929        0.295757
       -0.305185         1.00002       -0.615133
         2.03293       -0.842215         1.72339
       -0.837867         1.85505       -0.691126
       -0.773439       -0.515858        -1.07868
       -0.817107       -0.324938        -1.92122
       0.0251023         1.99895        -0.24642
       -0.918348        0.703528       -0.109577
        0.768423         1.78053       -0.945309
         1.68881        0.295074        -0.92383
         0.96955         1.60387        0.245285
        -1.29771        0.148372       -0.526697
        0.638035        -1.04318        -1.41436
        -1.77163         1.06429        -1.34933
         1.02611        0.356454        -2.20253
         -1.3316        0.382586       -0.280412
      0.00445922       -0.900208         1.86241
        0.567577          1.3408          1.4924
         1.56144       -0.758641        -2.89848
        0.239064         1.28719        0.855199
        -1.91164        0.557253         1.96806
       -0.672705        -1.16869        0.270641
        -2.37694       -0.382977        -2.82271
        0.291726        0.494244       -0.725075
       -0.221986          1.0041        -1.36975
        -2.93732       -0.732034         2.43352
        0.634578       -0.299779         0.78006
       0.0725583        0.219022         1.21769
       -0.101047       -0.621072        0.654067
      -0.0740769        0.521171         1.43991
       -0.363343        0.613022       -0.605543
        -1.48735       -0.499696      -0.0703278
         1.10328        0.115695        0.682712
         -1.6773        0.380269       -0.151241
        0.466929         1.95622        0.384164
        0.198195         1.40569         1.63185
        0.360906        0.075358        -0.49763
        -1.18912         1.49046        -1.50659
       -0.884947       -0.606687        0.945611
        0.179247       -0.906545        0.849753
       -0.958391        -2.64297       -0.456038
        0.616676       -0.406864        0.747575
         1.22569       -0.102037        -0.86006
         1.01466        -1.37723       -0.082558
         -0.1186        -1.24308       -0.442474
        0.359027        0.162349        0.187733
       -0.864958         1.05353         1.14924
         1.08093       -0.775987        -0.86384
        0.726156        0.611472         1.20488
        0.201582        -1.27527          1.1843
        0.550983        -1.46715        0.548507
        -1.09269        -1.29306        -3.07873
       -0.842031        -0.54385         2.45518
       -0.818727         1.44446        -2.24363
       -0.362233        -1.16928        0.194745
       -0.105209       -0.312224         1.40478
         1.76545        -1.44503         1.34632
       -0.784352       -0.396303       0.0293991
       -0.703466       -0.978484        -3.54339
        -1.22982       -0.842639        0.278973
        0.910434         0.65147        0.293009
       0.0860144       -0.824101       0.0508394
         1.71426       -0.939572        0.564273
         -1.1029        -1.41567         1.67942
         1.07188         1.29499        0.793152
        -1.31157        -1.76876         1.54487
       -0.682645        0.754512        0.786478
        0.500733        0.223442       0.0556547
       -0.929196        0.266529        -1.36317
        0.448754        0.837414        -0.28573
         1.09746       -0.213139        0.572471
         1.15208       -0.145117         1.06562
       -0.681601       -0.255536       -0.965271
         2.66513       -0.513287         1.79037
          1.4064        -1.48546        -1.59103
        -1.14473       -0.318893         1.49993
        0.735133       -0.885981        -1.01939
         0.13065       0.0174202          1.1941
       -0.867742         1.51586         1.73571
         0.27583       -0.136305       -0.880729
        -2.57396        -1.12593         0.85922
         1.83184        0.347972       -0.519762
