       -0.330883        0.279078        0.924678
         1.15298       0.0909488        0.979066
       0.0498083         1.23166       -0.350154
         1.81861        -0.54554        -1.13611
       0.0870022        0.273433          1.1769
       -0.449579        -1.48885       -0.183604
      -0.0591153       -0.744042         2.93855
       -0.439907       -0.826623        -1.00931
         1.29051       -0.408569        -1.65958
        0.796699       -0.626882        0.027846
         1.40141       -0.546908         1.35459
       -0.168521         -1.2639      -0.0305484
         1.74252        -1.72285       -0.111003
         1.16026        0.436498       -0.120036
        0.464508        0.169439         -1.1871
        0.247883        0.259533         1.22572
       -0.648665       -0.782353        -1.25158
         1.22331       -0.672101         1.50795
        -1.15848        -1.00506        0.036777
        0.346535        0.700591        0.928399
          1.8427         1.55613        0.953118
       -0.494432           2.436        -1.05564
        0.210948        0.537554       -0.580984
       -0.320535        0.400362        0.393291
         1.99167        0.069265         1.32563
       -0.390187        0.374445         2.15877
       -0.326618         1.15705       -0.516609
        -1.18559       -0.410334      -0.0834675
       -0.115373       -0.298798        -1.44559
         1.33418         1.89541       -0.224859
       -0.218314        0.999032       -0.285748
        -1.25717       -0.201009        -1.45343
       -0.288747       -0.160431         1.24873
       -0.654224       -0.577172        -2.32041
       -0.170937        0.573214        -0.60075
        0.138103        -1.91736         1.29919
        0.942864         2.30382        0.320969
        0.858087        0.066552       -0.465948
       -0.395882       0.0533555       -0.713254
       -0.999598        0.437127        0.137388
        0.749363         1.79272       -0.400865
        -1.10787       -0.710132      -0.0452152
       0.0788163          -1.479       0.0751841
       -0.776163         1.87025         1.86621
       -0.395121      -0.0512082        0.108838
         1.37027      -0.0700757        0.492144
        0.454796         1.00158        -1.80703
       -0.691994        -1.15562        0.799348
          1.5571        0.280056       -0.832855
        -1.10905         0.45467       -0.127903
        -1.80099        -1.22962        -2.15485
       -0.104547       -0.531371         2.00766
        -1.09849         1.25638       -0.295421
        -0.65935         -1.9243         1.11186
        -1.35697       -0.502431        0.242162
        -1.35083       -0.866026       -0.620178
         1.33117       0.0043331        0.484102
       -0.995471        -1.93286        -1.55493
         1.56458        -1.16054        0.128704
       -0.217686       -0.194862       -0.489016
       -0.853321        0.602563       -0.586848
        0.745575         1.37844         1.06083
        0.127403          1.0041        0.203433
         0.22053        0.172292        -1.10523
        -1.29743         2.22104         0.73318
       -0.548368        0.789766        -0.29848
         1.76655        0.314473         1.55501
        0.273029         0.39086        0.711876
       -0.134954        0.852677        0.912232
      -0.0166219        -2.05641        0.802355
       -0.247179        0.993982         1.40627
        -0.35651        0.419007       -0.605618
        -0.41167         1.30714       -0.976502
         0.74135        -1.08616        0.117545
        -2.66179       -0.100239       -0.716847
        0.187449        -1.12782       -0.144954
      -0.0437887       -0.786869       -0.121072
         1.78615        -2.08786        -1.35852
       -0.258451         1.49188       -0.591068
         1.26176         3.03572       -0.661748
        -1.47115       -0.102274       -0.111203
        0.866042         0.14365        -1.26366
        0.818926       0.0129914       -0.702246
        0.984566       -0.280837        0.608269
         1.41186        0.963211       0.0870246
       -0.375501        -1.96407       -0.780326
        0.398531         1.15555        0.450776
       -0.666769       -0.732812        0.354892
       -0.485936        -1.55788        0.923371
       -0.283101        -1.52204          1.4345
        -1.82825         1.92317       -0.641576
         0.81644        -1.59103         1.75419
        -1.22257        -2.14101       -0.627546
       -0.237551        -1.23741         1.13234
       -0.623175        0.473379       -0.692985
         0.10402        0.482695         1.66572
      -0.0502989        0.151656         2.30731
        0.158134         1.01148       -0.647279
       -0.176464         1.51391       -0.546038
         0.40428        -2.21025        0.784559
       0.0758075         0.13328        -1.10968
        -2.07774       -0.395222       -0.644828
        0.441785        0.263586        0.390668
        -1.24788        -1.06367        -0.68077
       -0.620245       -0.622595       -0.515979
        0.441667          1.5696        -1.26939
       -0.139119         1.77354        -2.85612
       -0.165422       -0.832868        -0.27963
