        0.839472        0.176905        0.891859
        -1.81487        0.577025        0.257364
        0.236209       -0.702903        0.674966
        -1.06587        -1.80539        0.623437
        0.956366         0.62561      -0.0314495
         1.61325        0.284005        -1.61759
        0.424398        0.875721        0.824375
       -0.138973         1.06184        -2.83369
       -0.422383       -0.748605         1.52995
        -0.56243        0.909782       -0.509933
        0.713182        0.551114        0.208334
          1.5946       -0.827498       -0.674845
        -1.23524        -0.14311        0.525954
       -0.502439         0.76147        0.527514
      -0.0565053         1.74938          0.7092
         1.24068        -1.52844       -0.311594
        -1.03661       -0.600293        0.319697
       -0.193557       -0.324917       -0.898118
      -0.0838664       -0.482568       -0.960576
         1.37298         1.30431        0.154002
        -1.32099         1.21816     -0.00665245
        0.565425        0.585634        0.472226
        -2.19069        -0.62859        0.570564
         1.05217         1.52057         1.14667
        0.280548         0.16264        -1.25129
       -0.839352       -0.489921          -1.153
         1.41983        0.617392        0.476491
       -0.265573         1.38642      -0.0869729
        0.589448        0.567994       -0.331989
       0.0588616       -0.900364        -1.35612
       -0.158584         -0.1397          2.1803
        0.547859        0.685258       -0.459958
        0.772178        -1.33617        0.316711
        0.998326       -0.464672       -0.425196
        -0.79113        -0.48802       -0.415957
        -0.67691       -0.296943        0.859192
       -0.290909       -0.591483       -0.245778
       -0.482979        -1.26651        -0.27605
         1.13079       -0.740879        -1.69929
        -1.08281       -0.936689        -1.28792
       -0.742525        0.405077       -0.814225
        -0.67609        -1.88092         1.60253
       -0.534441        0.057825        0.171247
        0.300932       -0.946622        -0.92306
       -0.286951        -1.11663       -0.614847
        -1.45767       -0.610515        -2.09484
         1.64204       -0.793202        -1.21648
       -0.821337         1.17238         1.61137
        -0.21194         2.67921       0.0184327
           -1.16        0.784699        0.571636
      -0.0523836       -0.792554       -0.300329
        0.253667       -0.612521         -0.1382
      -0.0360713        -1.25418         1.76837
         1.21808        -1.07795       -0.497825
       0.0982623       -0.821913         2.01768
       -0.850966         1.18282       0.0631007
         2.19072       -0.494496        0.117985
        0.775434         1.14528         -0.3275
       -0.521008        0.362363          1.1482
        0.494738        0.131458       0.0634204
        0.311001      -0.0124139       0.0168472
        0.654694       -0.729058       0.0909535
        0.589349      -0.0838613       -0.210824
       -0.207815        0.596801       0.0327537
        0.524481       -0.531157       -0.476104
        0.417971       -0.996499      -0.0294103
        -1.53425       -0.212854       -0.175281
       0.0818313         1.03293         1.13373
       -0.603464        0.398265       -0.804377
        0.262783       -0.387777       -0.310164
         0.67744       -0.852028        0.559953
        0.279833        0.542665       -0.107219
        -0.31388       0.0461833        0.754446
         -0.7769        0.378224         1.45665
        0.132134      -0.0925805        0.784877
       -0.166158       -0.518245       -0.796474
       -0.312443         0.45517         1.10069
        0.206653        0.314604        0.622331
        -1.25622        0.776358         0.41975
       -0.043407      -0.0309027       -0.769625
         1.17644       -0.195648        -1.28782
         1.07627      -0.0671183         1.55157
       -0.505503        0.415722         1.13731
        -1.25788       -0.673984        -1.02336
         1.00148       -0.197146        0.157544
        0.905094        0.302141        0.369527
        0.446272      -0.0169659       -0.411995
       -0.205574         1.15693        -1.94674
       -0.853153       -0.104573        0.284846
       -0.307412        0.213598        -1.15796
        0.816711         1.51179       -0.782474
        0.204283       -0.427476        -1.33772
        0.624758        0.221493       0.0637561
        -1.41477       -0.019889        0.109226
       -0.829445         1.28663        -1.27227
       -0.510773         1.70616         0.53852
       -0.498187        0.311499        0.619205
         1.16672         1.42143       -0.457043
         1.82214       -0.510047        -0.19869
        0.763166        -2.21194       -0.862659
        0.282091      -0.0266364       0.0514281
        0.446875        -2.09034        0.821762
        -0.69084       -0.469489        -0.54589
        -1.83071        0.204033         1.10086
        -1.28291        0.828499        0.488556
        0.541166         1.09614        0.474449
       -0.893176     -0.00237209        0.761222
       0.0668575        -1.45345        0.799853
