        -0.67424         4.25118         1.04052
       -0.380764       -0.346612         1.64629
        -1.91988         -0.7418       -0.828962
         1.37698        0.240449       -0.371242
        0.450425         2.22669        -2.01902
       -0.406898       -0.846395      -0.0861193
         1.50883         1.26759       -0.829421
       -0.205768        0.190421         1.58478
        -1.11693      -0.0583517        0.109837
        0.403251        0.799733        0.351839
       -0.240232        0.619764       -0.185941
        -1.14415       -0.591839        -0.27906
         1.42716          1.0252       -0.353546
       -0.671394        0.330742        -1.16652
      0.00288191       -0.471131        -1.47735
       -0.932803        0.479418         0.42336
        0.602008        0.247246        -1.95177
        -1.32728        0.874942         1.02508
       -0.617702         0.29617        0.481247
        -0.79191       -0.716134        -1.58764
       -0.459582        -1.16455        -1.40435
         1.32749        0.221349       -0.587108
         1.85305        -1.61181       0.0864646
        0.393511         1.10785        0.671144
       -0.719506        0.107118         1.14105
       -0.144212         -2.3925        0.110855
        0.961434       -0.269658          1.4724
         1.24732       -0.313312         2.45323
        0.323185       0.0394701       -0.384723
        0.219899       -0.112681         1.60079
        0.606591        0.519254        -1.28017
        -1.41789        -0.20182        0.443382
        -1.45303         1.93534       -0.810694
        0.403017         1.35666         2.08689
       -0.302751         1.03022      -0.0705777
          1.5104        0.562573       -0.925392
         2.59312        0.865215      -0.0494298
        -0.19543        0.650416       0.0299223
       -0.599367        0.192847          0.2269
        0.441627         2.04725       -0.849215
        0.251058       -0.497867       -0.502154
       -0.599495        -1.20218         1.47354
       -0.844397         1.07769        0.513895
        0.348724        -1.31216         1.65584
        0.692137       -0.862136        0.428736
       -0.106324       -0.539654         1.40095
       -0.578369       -0.883207        0.638962
       -0.696857       -0.159726        0.275388
         1.01568       -0.564382        0.236048
        -1.22522        0.987863       -0.999661
         0.35983        0.609049       -0.300724
        -1.68642        0.200526        -1.58409
        0.676743          1.7309        -1.71351
        0.473219        -1.12344         1.59759
        -2.49276         -1.1964         1.68136
        -1.34182         0.17181         2.60529
        -1.16329       -0.883806        -1.21267
         1.64277       -0.965356       -0.479554
         1.31026        -1.05687         2.23348
       -0.245752        -0.66609        0.326916
        0.137251        -1.11404        -1.36508
        -0.99148        0.439684       -0.223063
       0.0621517         0.76742       -0.379852
        0.489809        -2.27299       -0.817996
       -0.376019       0.0504586       -0.874745
       -0.542222       0.0461447        0.544047
       -0.390496          1.1206       -0.395719
       -0.888543        0.771293      -0.0172706
         1.25985       -0.910121         -2.3562
        -1.27147        0.253163        -1.53627
      0.00913385        0.988894         1.49153
         -2.2662         1.01502       -0.887301
        0.634992          1.0981        0.440295
       -0.130198        0.890782        -1.28539
        0.593705       -0.273078        -1.02143
        0.404886        -1.67021        -1.33781
        0.735984         1.58136        -1.39783
        0.735646         -1.6701        0.365726
        -1.07122       -0.028126       -0.573226
       -0.363839        0.226818        -1.14045
       -0.112653        -1.61398        0.258695
         1.65313       -0.269047         1.25253
         1.36461       -0.610278        0.273213
         1.25229         1.54239        -2.39918
       0.0974177        -3.68026       -0.692615
        0.996275       -0.859289        0.962137
        0.357325       -0.797674        0.687137
         2.61481        -1.78363       -0.110148
        -1.61536        -1.49735        -0.57602
          1.0735         0.56421        0.069236
        -1.47384       -0.516715       -0.155023
         0.32237        -1.43006        0.217827
       -0.507125           1.351         1.29735
        -1.13246        0.888142      -0.0624582
        -0.84118        -1.54086        -1.72435
        -1.69128        -1.53863        0.810451
       -0.500972        -2.15808         1.72551
         0.11311         1.53101         0.64875
         -2.2437        0.106652         1.62154
        0.859082       -0.245928        0.652072
        -1.30396       -0.414842       -0.204403
        0.754618        0.347202        0.940505
        0.410837        0.489515        0.124969
       -0.340484         2.72082     -0.00715752
         2.20842        -1.01908        -1.39162
         1.17592         1.65048        0.559119
         2.55498        0.044115        0.395414
       -0.537566        0.918057       -0.168762
