         1.31493        0.497702         1.11221
       -0.141497        -0.73947        -1.28224
         1.62659        0.236399          1.0833
        0.785541        0.382903         1.11642
       -0.471977         3.16861       -0.386314
         2.60309         1.25349        0.151894
        -1.10117        0.510091        -2.11852
       -0.866306        0.384906        0.558896
         -0.5293         0.41605        0.307226
        0.568291        0.924838         1.26207
        -1.90906         1.15335        0.816427
        -1.33249        -1.48004      -0.0748471
         1.30738        -1.66728       -0.199151
       -0.865259        0.535248         1.46545
        0.495869         0.78241        0.823212
       -0.876452        0.426858        0.755056
       -0.119066         1.05228       -0.167668
       -0.622081       -0.884453       -0.331788
        -2.76211         1.25573         1.24509
       -0.446706        -1.70156        0.506978
         1.99298       -0.719419        0.541087
         1.26897       -0.769131       -0.156676
        0.292152       -0.148915        0.837429
        -1.17621       -0.114381         1.04862
         1.09758        -1.58905        -0.44099
       -0.871703       -0.795543        -1.21635
          1.8247      -0.0578686       -0.626075
       -0.671325        0.106205        0.805123
        -1.11415        0.824749        0.498126
       -0.729272        -1.64338       -0.267337
        -1.24974        0.505338       0.0742378
         1.07654       -0.346095        0.379711
         1.64506        0.258702       -0.382346
        0.233868       -0.399248        0.497473
         -1.1209         1.50642       -0.574529
         1.07911        -1.35546         1.17482
       -0.524751        0.622329        -1.17316
        0.370352        0.720499        0.154905
       -0.168505       -0.732733        0.731627
       -0.935432         0.83466         1.24041
        0.729499        -1.82838        0.222927
       -0.078555       -0.417339        -0.56891
        -1.24935         1.79389        -1.03146
       -0.679357     1.54901e-05        -1.64458
       -0.609939        0.719245       0.0529662
         0.47447       -0.469641         1.27467
        0.141523        0.550289       -0.624783
        -1.32598         1.54487         -0.9209
        0.259146           1.059       -0.546918
         1.13862         1.27867        -1.46553
       -0.130966        -2.18994       -0.222173
        0.284849         1.38489       -0.617285
        -0.55107       -0.161977       0.0752354
       -0.171175       -0.103154       -0.399445
         1.34363        -1.07555        0.119827
        0.720897       -0.952959       -0.987212
        0.644986        0.602645        0.498009
        -1.17102         1.47916       -0.944268
        0.434487        0.342073       -0.738745
         1.44017        -2.05233         2.10891
         1.53008       -0.805407         1.07321
       -0.455694         1.50816       -0.921157
       -0.580025         0.20119        0.596584
       -0.450459        0.553631         1.67613
        0.563365        0.189067        -0.28976
        0.337808         0.33058         -1.1351
         1.03244         0.59613        -2.15196
          1.6223        0.482127       -0.638764
        -0.49944        0.229242      -0.0996646
        0.990635         -1.2912       -0.903423
        0.440782         1.92689        0.883597
        -2.00501         0.93031        0.499933
        0.288274         -1.2766        -1.49661
        0.510234        0.708382        0.144034
          1.5266       -0.353227        -0.34911
        0.872606         1.87368        0.468882
         2.28064         1.27036        0.711526
        0.303716        0.157603       -0.453563
        0.913382       -0.204067        0.185413
       0.0649624        0.353356       -0.709262
       -0.242749        0.117416         1.16647
       -0.419001       -0.322162         1.02645
        -1.48567        0.207925       -0.352237
         1.67363        -2.18158        -1.31708
        -2.91165         1.03359        0.144475
       -0.574435       -0.932479        0.808737
        -1.83864        0.342012       0.0876961
       -0.839242       -0.261874       -0.346377
         0.30711        -1.94153         1.86891
        0.558679        0.717005        -2.24343
        0.541054       -0.665175       -0.833675
         1.08788        -3.32476        -1.61674
        -1.36148       -0.639432        0.942586
        -1.71337        0.266757        0.244178
        0.723239         1.13684       -0.257824
       -0.515141       0.0215413        0.416432
        -1.17789        -0.42436        0.504023
       -0.843121         1.09174       -0.681733
       -0.112627        -1.98592         2.22163
        0.447772        0.254632         0.52186
        -1.20309        0.496722       -0.925897
       -0.227949           -2.42        0.164398
      -0.0065333        0.767004        -1.35718
        -2.64003       -0.454084       -0.436704
         2.28281       -0.183743        0.495705
       -0.239409       -0.562968        0.376585
       -0.678586        -1.65733        -1.18086
         1.49883       -0.595213        0.038499
