       -0.776966       -0.748561        0.134428
         0.70799        0.657593       -0.633767
         -1.2905        -2.90574        0.962733
        -1.55419     -0.00876012        -2.48962
        0.970219         1.17645       -0.771053
       0.0643738         1.15188      -0.0486093
        0.505507        0.104667         -1.2245
        0.672544       -0.741674         1.48084
      -0.0527858      -0.0537496         2.12684
        0.259364         0.87406        -1.24639
        -2.07018       -0.461646        -1.14023
         0.63994        -2.29194         0.35187
        -1.23664       -0.129227       -0.011101
         -1.9562        -1.22569        -1.56676
         -1.6438       -0.288717       -0.476467
       -0.184001       -0.610692          -1.778
         0.82554        0.728783        0.833868
          1.1834        -1.45872         0.65157
        0.442469         2.45929         3.07364
          1.5556        0.654721        0.434722
         2.15814        -1.49928       -0.329064
        -1.59769         2.65396      -0.0757502
          1.1424         1.15718        0.796691
         1.33415        0.733989        0.785738
        0.608351        -1.02249       -0.350963
         0.14128        -1.31153        -1.07455
           1.063        -1.08832       -0.298236
       -0.681644        0.315397        0.296854
         3.43308       -0.600518         1.29075
        -2.14452       -0.180232         1.95856
         1.73014         1.25967        0.525898
        -1.65775        0.604267       -0.800881
       -0.585024        0.488439       -0.241295
       -0.530395        0.681516         1.92819
       -0.494639        0.182062         -1.3269
       -0.901375      -0.0895097        -2.67771
        0.886842        -1.29008          1.5775
       -0.933103        0.212023       -0.134262
        0.442336        0.560981        0.283429
        0.984142        -0.17064        0.251293
         -1.4261         0.69735        -1.38671
         1.56193       0.0533649       -0.130102
       -0.712227           2.002        0.250583
        -1.32849       -0.965145       -0.275917
        0.373293        0.815138        0.366897
        -1.36933        0.366782        0.515973
        -1.32883       -0.383088        0.822311
       -0.270482         1.46249         1.76565
        -1.31151        -1.48915        -2.47952
        -1.79357          1.2601         -1.2111
         1.36363        -1.46666       0.0285689
        -1.80893         0.72331        -1.32026
         2.57527        0.675667       -0.122211
        -1.44448       0.0903862        0.260918
       -0.219641        -2.48394       -0.868529
       -0.499362         1.07561        0.805892
         1.20121        -1.81571        0.644905
       -0.148626         0.80414         2.36218
         -1.8214        0.849075       -0.169247
       -0.448573        -2.44868        0.540213
         1.69202        0.750499       -0.249862
        0.700628      -0.0558496        -1.30969
       -0.824307          1.0403       -0.735114
        0.148917        -1.43703         2.14818
        -2.04004        -0.74537        -1.69936
        0.173176       -0.446677        0.746497
         1.25056        0.378908       -0.763718
        0.147762         1.71539       -0.837878
        -0.87863        0.399154       -0.216065
       -0.784296        0.754009       -0.668266
        -1.19918        0.802454        -1.47924
       -0.175791      -0.0539498       0.0821807
        -1.41619        0.737568      -0.0226593
        0.393495       -0.820962       -0.620425
         1.03984       -0.964683        -1.23211
         2.74824         -0.7558       -0.131657
         1.57863        0.717799         1.95516
        -1.09342       -0.760938        -0.18315
         -1.3817        0.738376          1.4121
        0.954869       -0.889164       0.0457339
         1.07842        0.351833         1.49882
       0.0777811       -0.853724         2.18782
        -1.59473       -0.538423         0.15185
        0.691983       0.0951008         1.66235
       -0.810129       -0.246432        -1.13673
       -0.742165        -1.52812        -0.44496
         1.92013     -0.00711859        0.136333
        0.508517        0.318467       -0.692828
       -0.893819         2.28851       -0.428104
        0.165553         2.92692       -0.935676
         -1.0666        -0.79108        0.359348
          2.4477       -0.412622       -0.383694
        0.426944      -0.0421569        0.575364
       -0.551401        -1.02182       -0.691083
         1.45567        -2.21074        0.176825
       -0.397238         0.84377         1.37829
        -1.05724       -0.193334        0.507835
        0.517584        -1.21986        0.731485
         1.13381         1.74278       -0.354161
        -1.03159         1.52251        0.145667
         1.04756         1.59825         -1.6455
        0.623997        0.766868       -0.904524
          1.4109        -1.42878        0.517401
        -1.61166       -0.998059       -0.498383
         0.11485        0.653154        0.481176
          1.4708        0.524444       -0.804063
        0.291231       -0.586824         1.21246
          0.7354       -0.959798       -0.493781
