         1.76541        -1.68755        -1.61881
        -1.46944        -1.96692       -0.297709
       -0.755502      -0.0386773      0.00561454
        0.331773       -0.251506        -1.32287
       -0.228623       -0.534948         1.31712
        0.714523       -0.722152        0.439636
        -1.05616       -0.548208       -0.649261
       -0.132947       -0.157891      -0.0365795
       -0.762713         0.97036       -0.879374
         1.58477         0.14836        0.256831
       -0.417928        0.561107        0.690673
      -0.0410943          1.1187        0.876675
       -0.123046        -1.55793        -1.07185
        0.844567         2.71051       -0.611944
          1.1158        -1.89035        0.461094
         2.22982         1.41267        0.733464
       -0.220718        0.186514       -0.166267
       -0.609954        0.584243        -1.04973
        0.200158        -2.10872        -1.77958
       -0.815682       0.0222608        0.902354
       0.0657099         0.55758        0.181894
       -0.355579       -0.327127         1.06488
        -2.81737       -0.115466        0.796744
       -0.492926        0.333261       -0.680921
     -0.00877273        0.803122        -1.95317
         1.02438       -0.575741         2.20974
        0.585151       -0.903436        -1.35473
         1.43636        0.920595      -0.0370294
       -0.814811       -0.893067        -0.75727
        0.282359         1.57338      -0.0485599
        0.401705        -1.33839        0.525508
        0.481006        0.109418       0.0370575
        -1.82719        0.878251         1.10998
         1.83898         1.08566        0.846911
        0.064893         -1.1539        0.150944
        0.280034        -0.23525        0.886087
        0.613416        0.195734         2.14378
       0.0676217        0.495783        -1.20512
       -0.100637        -1.68751       -0.219052
      -0.0942009         1.27491        0.110278
        -1.76706        0.731983         2.57106
         1.88905       -0.788908        -0.71069
       -0.723809         1.70238        0.467881
        -1.20823       -0.875639         0.48468
        -1.15988     -0.00183304         1.51315
        -2.10807         2.33681        0.781643
         -2.0928        -1.06126        0.639068
        0.471763       -0.445083       -0.419264
       -0.692348         1.16909       -0.795838
        0.725952        0.703226        0.901941
       -0.752058         1.08461        0.746597
         1.97276        0.151496        -2.11414
        -1.08664        0.252752       -0.565467
        0.544964         -1.5472       -0.940525
         2.43983        0.530813       -0.137328
          1.8863         1.43881        -1.05821
         0.82332       -0.224918        0.972464
       -0.221562        -1.54911         1.57167
       -0.975987     -0.00956155        0.691974
       -0.335134       -0.715263        0.171215
       0.0446898        -2.04092         1.27321
         2.37628        -0.55202        0.766634
       -0.705512        0.927909        0.294213
       -0.750141         1.04569        -1.05952
         1.64217        0.680108        -1.08921
        -1.37826        0.999216        0.651835
         1.06706       -0.124353         1.91721
       -0.663314        -2.30411         1.89967
       -0.522256        0.260609       -0.691013
       -0.109927        0.698082        0.286449
       -0.162616         1.67963        -1.66279
         1.71067       -0.244003       -0.386321
       -0.902254        0.864685       -0.563777
        -1.51646      -0.0429732        0.130531
        -1.80977       -0.114782       -0.595028
         1.21188       -0.772843         2.26478
       -0.410284          0.1022        -1.09277
       0.0381499        0.253974         0.65153
        0.262785         1.87781       0.0892735
        -2.16408       -0.494153       -0.928326
         -1.0643        -1.40219        -0.75026
       0.0925408         1.95757        -1.25257
        0.107419       -0.262053       -0.494624
       -0.676139         0.67353       -0.997556
        -1.65878         0.11826        -1.78867
       0.0738975        -1.15421         2.03719
     -0.00706655       -0.750112       -0.406721
        0.590119       -0.920265        0.753215
        -1.71914        -1.17526         2.41616
       -0.428826        0.305584        -1.17992
       -0.315436         -1.1126        0.863887
       -0.651604        -1.37266         1.77506
        0.135878      -0.0673972       -0.702032
          1.1367        -1.46948        -2.12331
        0.831391        0.153647         2.94614
       -0.708183        -1.02209        -1.44371
        0.757764        0.168686        0.452803
        0.214361         1.70752       -0.611017
       -0.766353         1.23826        -1.77491
       -0.487053         0.47938        -1.64848
         2.08256       -0.273891        -1.33169
        0.103935       -0.594787        -1.51112
         0.95465       -0.418116         -1.5126
        0.497883        0.845653       0.0283964
          1.6383         1.56897         1.25379
        -1.01254       0.0047588         2.09802
          1.3439         -1.4193      -0.0781639
         1.26183         1.36196        -1.95322
