       -0.004032        0.947767         2.11644
          2.5155        0.396585       -0.673504
      -0.0236496         1.63399       -0.877871
        0.691821        0.769768       -0.596611
       -0.140616       -0.404756        -1.31086
       -0.567222       0.0943596        0.311288
      -0.0253122        -3.18681        -2.12969
        0.124363          1.0828       -0.842464
      -0.0683486       -0.711878        0.504573
      -0.0666868        -1.12089       -0.262627
        0.861531        0.881905      -0.0119747
        0.346534        -1.09631       0.0882731
        0.252897        -1.74786       -0.260579
      -0.0486595       0.0786378        -1.09164
       -0.368704         -0.3525       -0.453847
        0.702397        0.951108         2.47378
         1.78022        -2.73737         1.35721
        0.542579       0.0795927         2.10393
        0.732205       -0.152261         0.22275
        -1.08358         0.49655        -1.62678
        0.937453        0.548071         -1.7624
        -1.55517        0.463469        0.781337
       -0.341021        -1.49501       -0.817019
        -1.14295        0.548144       -0.268404
         2.03918        -1.39413        -1.43165
        0.985838        -1.16663        0.404242
        0.767113        0.685989        0.663635
       -0.861318         1.22821         1.17279
        -1.06018        -2.07942       -0.743814
         -1.4129         1.79594        0.245982
        0.534661         1.18915        -1.28913
       -0.654798         2.06206       -0.438055
        -1.59234        -0.49856        0.446433
        -1.19864       -0.506134       -0.391755
       -0.657714        0.642193       0.0682788
       -0.120313          1.0499         1.08639
         0.62725       -0.927006         2.30519
        0.798513         3.25393       -0.348096
        0.287765         2.17735       -0.275763
        0.309591       -0.854224         1.33722
        0.950623       -0.663044        -1.29726
        0.860634       -0.428287        -1.44566
        -1.63696       0.0860888       -0.760131
         1.22235       -0.889379         2.28769
        0.594731       -0.276374        -2.46797
         -0.8314          0.2624        -0.71261
       -0.134039       -0.620591       -0.854973
        0.803762       -0.271514       -0.801141
       -0.648826       -0.647069          1.1924
        -1.32534       -0.815109         1.73715
         1.21075        0.203505        0.366575
        0.430974        0.587778       -0.405927
         1.21915        0.258307        0.652588
        -2.08127        0.986341       -0.431779
         1.13119         1.11226        0.330877
      -0.0794421       -0.528057        0.577569
        -1.40354        -1.12118        0.352996
          1.8421        -1.41776         1.43494
        -0.62023        0.320833          1.7887
         1.16815       -0.848485        -0.89004
        0.653469        0.507901        0.162763
       -0.993228        0.686169        0.964794
        -2.17494        -0.94798       0.0673615
       -0.106917       -0.732599      -0.0601311
        0.256879        0.487913         1.43461
       -0.993223       -0.423155        0.475151
         1.42056        -1.04284      -0.0206267
        -1.76199        0.626407       -0.715431
       -0.858984        0.073902        -1.12144
        0.378011          2.0927       -0.540327
       -0.649807        -2.57445        -2.55265
        -1.42901         2.58959       -0.486722
        -1.21563         1.40238        0.559267
         1.22648        -1.00502        -1.06892
        0.193452        -1.29103        0.207403
       -0.773741       -0.398807       -0.402178
         2.31513        0.534045        0.110524
       -0.119017         2.04672       -0.171289
       -0.147023      -0.0732772       -0.580838
        -1.24564       -0.762646        0.299448
        -1.05253        -1.04045         1.28459
        -1.48052         1.40835       -0.580008
        0.641183       -0.272974         1.19962
       -0.454286        -0.16898       -0.393602
       -0.260644        -1.54646        0.905999
        0.155596       -0.991866         1.17782
       -0.820507          1.0994        -1.01608
        0.329363        0.234994        -1.34834
       -0.801378         1.23305         0.51454
         1.88787        0.170392        0.076115
         1.43226        -1.27066        0.664116
        0.731581        0.133206        -1.68972
       -0.489308         1.03046        0.827474
         1.37666       -0.544838          -1.343
          1.2745        0.252703        0.322712
        -1.38164          1.5984        -1.94259
       -0.774719       -0.455465         2.73192
       -0.401008        -1.66962        0.459862
        0.253366        0.434986      -0.0307173
        -1.89768         1.78359       -0.383686
         1.12356         1.08472       -0.966772
       -0.231793         1.31112         1.60722
        -1.11801        -1.30318          2.1633
         1.21409       -0.884787        -1.32747
       -0.670673       -0.255255        0.793739
       -0.123683       -0.125449         1.65351
         2.93025        -1.32312        -1.56501
       -0.883358        0.365414       -0.795512
