        0.474685       -0.508419        0.791712
         1.03501       -0.873528         1.25853
       0.0194336         0.53204        -1.28426
       -0.416635         1.69143        -0.84273
       0.0477066       -0.586713        0.933711
        0.143518       -0.528648      -0.0306978
        -0.16313          1.2258        -0.92486
        0.817621        0.435687        0.644123
       -0.405847        0.419686       0.0698184
        0.334728       -0.761455       -0.181179
       -0.440498        0.865273        0.509514
         1.12736       -0.868093        0.412131
       0.0629858       -0.275125       -0.743131
      -0.0899873       -0.312571        0.421845
        0.458936       -0.525773        -1.46988
       0.0241709       -0.531123        -0.11948
         1.48364       -0.867949         1.55062
       0.0420902      0.00448373        0.859272
        0.973006        0.448256       -0.130994
        -1.68951        -1.12229       -0.189221
        -1.04747       -0.718698       0.0748152
       -0.698113        0.918385          1.2286
       -0.172231       -0.724738       0.0504798
        0.332526        0.793361         0.23824
          1.4322        0.507535      -0.0191327
       -0.733514        0.339647        0.241217
        0.488928        0.980948        0.533156
       -0.870712        -1.90854        0.440278
       -0.244755         1.41788         1.30434
        -1.27822       -0.703979        -1.66536
        0.525051        -1.00602       -0.669709
       -0.360798       -0.939216         -1.4165
        0.493958        0.108519        -1.56434
         -0.8762        0.634057        0.913694
        -1.07047       -0.278828        -1.53094
      -0.0332813        0.290371      -0.0899064
       -0.641156        -1.57034        0.463045
       -0.798978       -0.798321        -1.56072
        0.607419        0.194618       0.0346464
       -0.925567        0.322195       -0.263624
        0.314128       -0.775256       -0.701042
       -0.867982       -0.820529         1.47873
       -0.346124        0.246161       -0.346618
        -1.03188        0.185378        0.996877
        0.247181        -0.79008        0.528628
       -0.618938        -1.08967        -1.03193
        0.941309        -1.37357        -1.02175
       -0.306171        -1.11502       -0.287884
        -1.09679         1.14516        -1.81771
         1.30186        0.714876         1.17536
       -0.388931        -1.19732        0.160648
         0.73974        0.979405        0.828959
         1.00206       0.0834988       -0.448401
          1.1148       0.0676303       -0.112233
       -0.293531      -0.0596913        -1.06504
         1.79815        0.205596         1.32357
        -0.83986         1.62234     -0.00291775
        0.812572        -1.58153        -1.99866
        -1.44061       0.0926448         1.05092
        0.129877        0.357446        -1.05024
        -1.83865       0.0502622        0.955386
        -1.01845       -0.716858       -0.159493
       -0.878207        0.419807         2.23812
        0.760867        0.540293       -0.788534
       -0.313397         1.02562       -0.205359
       -0.711743        -0.84272       -0.812473
       -0.498625       -0.292789       -0.345986
         1.53518         1.68995      0.00185016
         1.04088        0.370672        -1.67987
        0.621176        -1.09048        0.222072
       -0.425667        -1.55568         1.30142
        0.944525       -0.358208         1.08967
         1.43554        -0.47286       -0.192699
        -2.40653       -0.815357        0.249549
        0.414985         1.97002        0.101166
        0.571052         1.87827       -0.665724
       -0.521896       -0.139978         1.69363
        -1.04904        0.477805         1.55286
        0.955046       -0.113073       -0.257899
        -0.48848       -0.654959       -0.202053
        0.721379       -0.426904      -0.0106842
       -0.441038        0.871431         -0.4817
        0.477021        0.698497      -0.0649454
       -0.853782        0.263119        0.450517
         -0.4711       -0.388238       -0.706595
       -0.165305       -0.138306       -0.877669
         1.01529         1.37335        -1.83891
        0.235834        0.600416       -0.158137
        -0.19276       -0.315829      -0.0827326
       -0.318164         0.68606        -1.46788
       -0.698131        -0.13313       -0.891389
        -1.11712       -0.119516         0.99615
       -0.928193       -0.108684         1.93829
       -0.425587          1.6852        0.671416
        0.565223        0.770222       -0.536687
        0.651569       -0.350391         1.28404
         1.57516         1.42398        0.334393
         0.16469         1.73311         1.30754
        -1.07674        0.028642        0.241362
         1.22626        0.376696         1.12292
         2.57958       0.0871435        -0.64031
        0.144399       -0.227363        -1.26873
         1.30271       -0.826799        0.200676
       -0.713111          1.9495        0.920699
        0.356796       -0.769371       -0.931163
      -0.0188562       -0.827947         0.43837
       -0.411499       -0.210834        0.590197
       -0.451854        -1.69106        -0.57106
