        0.184912         0.17846         1.42843
        0.616141        -1.54052       0.0189136
        -1.21398       -0.556711        -1.46764
        0.859218         2.79403         1.20109
       -0.341514         1.01271         1.24178
       -0.178304        0.549191         1.21861
        -1.54117         2.51628        -1.47699
       -0.646885        0.979907         1.38221
        0.247826        0.414105        -1.13308
       -0.952839        0.197804       -0.856213
        0.619057       -0.114889       -0.564566
       -0.681949       -0.816296       -0.631465
        -1.01234       0.0268526         -1.8269
         1.34071        -1.08477         1.07387
         1.37342      -0.0351786         1.28815
         2.54899       -0.180468        0.690495
         -1.2074      -0.0106725       -0.766431
       0.0657465        -1.78143        0.658585
       -0.606412         0.26491        0.290191
        -1.57109         1.53012        -1.04198
       -0.295178       -0.651503        -2.70175
       0.0910065      0.00538869        -1.27419
          -1.029        -0.82924       -0.428253
        0.174229       -0.181061       -0.056011
        -1.98869       -0.216844        0.205797
        0.138199        -1.71116        0.576593
       -0.320962        0.687215         1.04592
        0.391685        0.780727       -0.171701
        0.459681        0.799959         2.73541
       -0.727993       -0.760116        0.581433
         1.80888       -0.160628        0.237583
        -2.48236        0.146334        0.470181
       -0.612552        -0.15185       -0.611512
        0.598969        -1.29891      -0.0427367
        0.968838         2.25422         2.37162
         1.59594      -0.0094951       -0.788189
         1.37473          1.6006        -1.41662
        -1.38332        -1.81554        0.782873
       -0.536908       -0.684248         2.14283
         1.00574       -0.789398         1.51709
        -1.38996         1.11152         1.55126
        -1.05343        -1.64678        -0.27376
       -0.439384        0.764094        0.468573
         2.70593         1.44813       -0.840167
         1.95176         1.84606           2.306
         2.39659         1.18847       -0.403926
        0.613491         -2.0651        0.729459
         1.07844        -0.67622       -0.124791
        0.356551        -1.39465        0.168657
       -0.218491        -0.22021       -0.118943
       -0.449826       -0.381101         2.20686
      -0.0932381       0.0226325        -1.32922
       -0.282047        0.516233       -0.890369
       -0.296203       -0.737916         1.37606
         1.35694      -0.0543973        -2.29411
         -1.2235        0.268026         1.45266
       -0.510538        0.202513       -0.282815
         0.94212        0.288117      -0.0535621
       -0.727383       -0.892396        0.316419
        -1.07375       -0.989722          1.5821
       -0.351155      -0.0118386       -0.338316
      -0.0862533        0.763587       -0.148146
       -0.141128       -0.827463       0.0490293
        0.344816        0.955841        0.738478
        0.749617         -1.1975         1.39376
        -1.51212        0.360607        0.108461
         1.66606         1.29823        -2.49467
        -1.51456        -0.24621        -1.00649
         1.48095         1.26446       -0.160017
        0.107144        0.706359        0.775332
       -0.215955        0.820916        -1.64195
        0.314025       -0.401654       0.0813411
      -0.0306404       -0.714281        -1.16701
        0.823778       -0.178718        0.502247
       0.0274725         1.13998        0.872577
         0.24059        -1.08524        0.349122
        0.113827         1.07575       -0.667083
        0.267995         1.43184        -1.00394
        -0.58586       -0.337409        -1.19273
         2.20404        0.558201        0.441255
        0.155969       0.0574032       -0.531724
      -0.0720399        -1.22572       -0.697382
         1.09775        -1.83691       -0.721833
       -0.561756       -0.888613        -1.32041
         1.67141        -1.56567        -2.26162
        -1.40173         1.09189       -0.219093
        -1.41688        0.485124         1.24094
        0.346579       -0.246675        0.762216
       0.0371908        0.823871       0.0595527
        0.229452        0.407249       -0.504454
         1.54182         1.23947        0.087617
       -0.830345        0.131629       0.0701338
        0.424878         1.84095        0.055465
        -0.73424        0.275939        0.200916
        0.112534      -0.0596747         1.57897
         -0.7158       0.0330873      -0.0904902
        -1.51386        -1.60564       -0.489084
       0.0953776        -1.38481       -0.359876
        -1.38381        -0.50479        0.408162
       -0.075853        0.553894       -0.748774
        -2.51148       -0.283056       0.0590776
       -0.794037        -1.38272        -1.31069
         2.27669        -0.32946        -1.77981
         -1.7448         0.44246        -0.01523
         1.37675        0.192912        0.131171
        -1.08604        0.276082         2.31594
       -0.425363       -0.582647       -0.378185
         1.22184        -1.28621        -2.48256
