        0.900439       0.0751322       -0.807057
      -0.0281523       -0.311913         1.31005
         2.16878        0.401159       -0.942779
       -0.217378        -1.27175          2.2995
       -0.415668       -0.685399         1.23004
       0.0660707        -0.20591      -0.0766586
        0.969498        -1.42564       -0.288813
        0.119994       -0.517277          1.3934
        -1.74985        0.266495        -1.11356
        -1.49363      -0.0905335        -0.39934
       0.0254984         1.25532        -1.29422
        -1.92096       -0.328689         1.41663
        -0.69395         0.15963        0.203154
        0.646513        -2.10008        0.990262
        0.720111       -0.499663       -0.982306
       -0.781023       -0.579602       -0.779251
        -1.38229        0.188254        -1.47397
        -1.82139       -0.665495        0.145876
       -0.368685        -0.95058        0.776482
      -0.0185506        0.251035        0.074317
       -0.293102        0.323187       -0.225816
        -2.09306         1.43758         0.25327
       -0.175578        0.377478         1.33862
        -0.97019       0.0396685         -1.0643
        0.373572         0.89364       -0.271751
       -0.334284        0.101931        0.082371
         -1.3235        0.287155        -1.18247
        0.317462       -0.669729          1.0668
       -0.372365       -0.123653        0.600694
        0.264384        -1.22252       -0.123064
       -0.792436       -0.370286        0.566366
         1.05398        0.465431       -0.359153
         1.19545      -0.0139796       -0.308696
        0.524319       -0.587203       0.0739032
      -0.0430243      -0.0586653        0.263852
          1.1261        0.485282       -0.505568
        0.322984      -0.0712053        0.685632
        0.873077        0.675356       -0.738665
       -0.327503       -0.880634        -1.51988
        0.670888       -0.210113          1.9666
        0.099493         2.39955        -1.01068
       -0.151121        0.344147        -0.44351
       -0.187072          0.4395        -0.83472
        -1.26066       -0.244357        0.906912
        0.295379        0.592685        -1.64773
         1.22902       0.0535556        0.348157
       -0.191052        0.902123          1.2831
       -0.268175       -0.765947       -0.172814
       -0.568767       -0.972106         1.27924
      -0.0771398         1.00751         1.12574
         1.19708        0.528973         1.89423
       -0.268583         1.16985        -1.14174
           1.118      -0.0421176        0.611259
       -0.208221         1.13624       -0.241551
       -0.259158       0.0798015        0.385292
        0.819717       0.0429319       -0.337565
           0.183       -0.203312        -1.41853
       0.0789899        0.253443        0.739727
       -0.539159       0.0513742      -0.0879214
        0.614398       -0.114363       -0.619578
     -0.00393648       -0.316903        0.184716
       -0.207586         1.29764        -0.62182
         -1.1918        0.409153        0.193284
         0.82903       -0.845516      -0.0272111
         1.52266         1.75782        -1.33407
       -0.397635       -0.354812       -0.585046
        -1.17538       -0.418371        0.892317
          1.2239        0.649143        -2.11461
          1.5288       -0.511767       -0.598302
       -0.465511       -0.200829        0.101467
       -0.325993         1.16837        -1.76604
         1.66328        -1.67467         1.00178
         1.37389        -0.10104          0.8123
       -0.179892        -1.04702         1.00502
        -2.08031        -1.35384       0.0873934
         1.04926        -1.51222       -0.255692
        0.467001        0.535982       -0.177666
        -1.26935        0.479248        -1.73541
        -1.51873        0.892288       -0.257322
       -0.566346        0.360535         0.36396
        0.610252      0.00508439        -1.05696
       -0.386187        -1.30637        0.703655
       -0.294593        0.485367       -0.168739
       -0.763812        0.516984       -0.266706
        0.547556         1.43078         1.37965
         1.44679         1.22279        0.314736
       -0.925242       -0.379446         1.44972
         1.41286       -0.425064       -0.072594
        0.247315        0.558292       -0.146991
       -0.189388       -0.799108        0.877203
       -0.770964        0.263151       -0.360738
        0.208099        0.268158        0.149245
        -0.41997        0.532493         1.36056
       -0.367296        0.721023       -0.473312
         1.21208        0.201685       0.0820341
        -1.50145        -0.14538        -1.83492
         1.69653        0.319706       -0.932599
       -0.829646        -0.77893         1.13348
       0.0411336       -0.856564       -0.571676
        -0.41038        -0.68908      -0.0953416
       -0.745359         0.37729       -0.794417
       -0.599349        -1.32159       0.0661514
         1.36715        -0.55562         2.00502
         1.00471        0.553785        -0.47675
       -0.292909        0.887394        -1.71779
         -1.1217         -1.1278         2.41776
         1.27185        0.433612       -0.669145
         1.89806        -0.10853       -0.367402
