       -0.704821       -0.604635          1.4198
        0.485766        0.365112         -1.6532
       -0.245748         4.62411         2.81827
       -0.249953         1.59384         0.05607
         2.57327        0.555823         1.18134
       0.0869405        0.443154        0.997994
       0.0167732         2.30208        -1.00504
       -0.964898         1.70323         1.15922
         1.10268        -1.32474        0.839375
        -3.12392         1.23017        -1.55013
         3.04065        0.598228       -0.987531
         1.20823       -0.889885        -1.66308
         1.19364         1.23536        0.008279
        0.652794         2.78292        -2.35658
      -0.0726638         3.41403         1.55988
       -0.279062        -2.29519       -0.371396
       0.0559615        0.248936         1.77341
        -1.02965        0.175572       -0.526956
        -2.91667         1.11223        -2.64808
       -0.832109        -2.35693         2.96773
       0.0177181       0.0313885         -1.0022
         2.01054        -2.53751         3.58419
       -0.291716        -1.11809       -0.509192
          0.4058         1.34326        -1.21106
       0.0793294       -0.989387        -1.29516
          2.7427       -0.348549        -2.09804
         0.98953       -0.933719        -4.05117
        -1.12654        -2.34675        0.504384
         1.15149       -0.692117        0.294109
        -1.48812         1.87692         1.40538
         -2.0915        -0.27105        0.514205
        -1.78038       -0.233466        -1.76677
         3.89522        0.450033        0.615576
        -1.41169          1.3517        -2.28417
       -0.815576         2.61675         0.42701
        -2.03831         1.38306       -0.276185
        -2.74234        -1.42388        0.327837
        0.222756        0.939442         1.88105
         1.53789        -1.46242         2.28392
         2.88543        0.153492       0.0135778
         4.06479         1.41851        0.436506
       -0.990636       -0.398478        -1.47945
         2.80077        0.458814         1.39762
        -2.93241       0.0477029        -1.35682
          3.0215       -0.576614       -0.682191
        -1.08881         -0.7376       -0.473139
        0.916366         1.12888        0.467676
        -4.65149        0.435117        0.814496
        0.251154        0.663857         2.25211
        0.803214        -2.96416       -0.462077
         -1.3479        0.487371        -2.01949
         3.50092        -1.20763        -1.90511
        -2.29935         -2.3736        -1.50095
         3.60918        0.564179         1.32838
      -0.0641013          1.5543        0.991811
        0.837432       -0.426558        -2.18167
         3.10188       -0.591234         1.19515
        -1.48625          1.2426        -1.63588
       -0.769769        -1.96233         -2.4359
        0.962408        -2.55985       -0.795398
         1.07137        -1.38914        0.389835
        -1.83006         1.58554       -0.630209
       -0.540197         1.67819      -0.0990969
        0.192709        0.107964       -0.872115
         1.51261         0.28709        -1.53904
        0.218249        -0.36694         2.50266
        -2.25052         2.78913       -0.867097
        -2.88656     -0.00635385         1.30438
          1.1631        0.197709        0.279893
        0.251821        -1.29909        -2.62527
        -1.23277        0.110656         3.69478
        -1.27019         2.29753        -1.31766
       -0.992338       0.0997618        -2.54036
         2.43564         3.64791       -0.236668
       -0.958907       -0.491659        -1.06652
        -0.39039        -1.83947       -0.570895
       -0.209698         2.98217         1.79916
       0.0492943       -0.478275      -0.0939295
        -1.11012       -0.401471        0.780403
       -0.540293        -3.05458       -0.450267
         2.51015        -1.04122         2.81288
       -0.541359       -0.550559         1.03983
        -1.55852        -2.39558       -0.957274
        -1.11636        -5.61475         2.16673
         1.90959       -0.814223         -1.3306
        0.887591        -4.52439       -0.599292
         -1.6058         1.85549         1.35197
       -0.261384        -1.53425         1.38804
         1.66113        -1.70025       -0.517173
       -0.152362        0.399219       -0.196344
       -0.918023         0.33959         1.85429
        -1.19829        0.520475        0.767853
        0.475334      -0.0917413        -1.82806
        -1.12576        -3.31202       -0.250786
        -2.25658         2.75188        0.305758
        0.558075       -0.937717         1.39727
         0.52611         1.81395           2.217
         2.61702       0.0493014         1.36978
        -1.74378        -0.87805      -0.0961866
       -0.128567       0.0118878      -0.0836329
       -0.646489         1.19749         2.41829
        -1.76979         1.49039       -0.147698
         1.48456        0.474755        -1.52042
         1.78496        0.758737         1.34886
      -0.0604271       -0.190216         1.96069
         -1.2047        -1.00027        -1.99427
         1.05203        -1.42133        -1.50764
        -2.24942        0.980935       -0.544169
