       -0.229411       -0.562908      -0.0525376
        0.141407        -1.04441       -0.226505
        0.646258       -0.841618        -1.18739
       -0.186399        0.496372        0.154912
       -0.389516       -0.555235          2.8183
        -2.97064        0.662091       -0.538279
       -0.673102       -0.794739      0.00878514
        0.731641        -1.65981       -0.432485
         1.96257        -0.97395       -0.269241
         -1.8797       -0.504121         1.00814
         1.22862        0.218254         1.29509
         1.15273       -0.143869       -0.495185
         0.19212         2.29701       0.0549321
        -1.18397       -0.401111         1.07976
       -0.241471        -1.46639      -0.0634694
       0.0326719       -0.108375        -0.37776
        0.207982       -0.755629        0.584655
       -0.656647        0.525583       -0.651735
         2.07493        0.477684        -1.93534
        0.318375       -0.582071       -0.380547
         1.23759         1.48486        -1.24035
        0.114674        0.462541        0.605739
        0.643333        0.220316         1.04981
        -1.47461        0.796789         1.32968
       0.0969793       -0.386469       -0.317389
        0.581093        0.209105          3.5576
       -0.622377        0.606768       -0.981467
        0.450884        -1.17445       -0.782819
       -0.718007        -1.00942        0.798599
       -0.114359        0.160941        0.355869
        -1.03621       -0.881213       -0.783844
        -2.27222        0.301342       -0.145171
        0.118308        0.812947       -0.559435
          1.2549        0.761666       -0.427366
        0.577734         1.85284        -0.12729
       -0.953566        0.602894        0.644194
        -0.92781      -0.0789351         -0.1189
        0.754427       -0.437592       -0.761035
        0.530854         0.31913        0.160655
         1.80952       -0.680133       -0.365993
        -2.50548        -1.58894        -1.93815
       -0.184579        -1.32669         -1.6508
        0.596118         2.41241         1.75976
       -0.150585        -1.00551        0.075254
        0.122682       -0.920926       -0.651539
        0.234776        -1.18603       -0.632028
       -0.046574       -0.276226        0.938763
        -1.65631         1.08864        0.040105
       -0.722923        0.548206       -0.827414
        -1.24571        0.681588        0.912642
        0.884979       -0.409743       -0.418656
       -0.844626       -0.149053      -0.0524303
       -0.814564       -0.416446       -0.471363
        0.348489         2.00419        -0.86459
         2.22896       -0.337656         -1.3562
       -0.813318        -1.22439        -1.63003
        -1.24834        0.123561        -1.54327
        0.814968        -1.50275         1.17979
       -0.721502       -0.188712        -1.46092
          1.0214       -0.109478       -0.419036
        -1.87282       -0.029345        -1.25844
        0.967575        0.640568        0.763103
         1.67243        -1.11655       -0.356214
        0.505142       -0.791458         1.06746
       -0.919573       -0.816573        -1.55975
        -0.45667        -1.38621        0.255498
        -1.96034        0.474665         2.86254
         3.13373       0.0934086         1.84476
        -3.16545         1.14311        0.257968
        0.361818        0.263498      -0.0266315
       -0.852357        0.623575        0.366143
        0.579842        0.218795         2.01556
         3.26669         0.34651       -0.431391
         1.50922        0.504575          0.7596
        -1.46916        0.969359       -0.136868
      0.00321456       -0.192257       -0.979027
       -0.556802        0.872738        0.316597
        0.728912          1.4816        -1.90711
       -0.242961      -0.0222601       -0.117309
        -0.25129         1.06996        0.492114
        0.146478        0.222616        0.213211
         1.50393       -0.503138       -0.457222
        0.904285      -0.0623285        0.724949
       -0.158238        -1.02044        0.252457
       -0.691524      -0.0332952       -0.244205
         0.30113        -2.42923        0.783375
       -0.675841        0.949354        0.790245
       -0.596324        -0.59299        0.611614
        0.299354      0.00630459       -0.360474
       -0.734357       -0.887562       -0.982885
        0.784808         2.00271      -0.0816214
        0.404615        -1.89639        0.395869
        0.590829       -0.331129       -0.161033
         1.94878        0.505388       -0.195752
      -0.0153673        -0.42676          1.6228
      -0.0893343        0.299324         -1.4856
        -2.26496           2.002      -0.0438678
         2.23995         0.51947        0.548962
       -0.455055         1.84623       -0.376232
        0.498874        0.695044        -1.58429
          1.1891       -0.958492        -0.50697
         1.15533        0.626512       -0.627164
        0.720279        0.235722         1.61229
       -0.693978         -1.0194        -0.24246
        -1.25788        0.698349        0.480016
        -1.20362         0.97866        0.179645
       -0.755065       -0.797313       -0.465356
        0.295188        0.580375           2.096
